{"/home/prrocontento/frontend/fizzbuzz/fizzbuzz.js": {"path":"/home/prrocontento/frontend/fizzbuzz/fizzbuzz.js","all":false,"statementMap":{"0":{"start":{"line":1,"column":0},"end":{"line":1,"column":24}},"1":{"start":{"line":2,"column":0},"end":{"line":2,"column":0}},"2":{"start":{"line":3,"column":0},"end":{"line":3,"column":32}},"3":{"start":{"line":4,"column":0},"end":{"line":4,"column":50}},"4":{"start":{"line":5,"column":0},"end":{"line":5,"column":3}},"5":{"start":{"line":6,"column":0},"end":{"line":6,"column":0}},"6":{"start":{"line":7,"column":0},"end":{"line":7,"column":58}},"7":{"start":{"line":8,"column":0},"end":{"line":8,"column":0}},"8":{"start":{"line":9,"column":0},"end":{"line":9,"column":18}},"9":{"start":{"line":10,"column":0},"end":{"line":10,"column":12}},"10":{"start":{"line":11,"column":0},"end":{"line":11,"column":3}},"11":{"start":{"line":12,"column":0},"end":{"line":12,"column":47}},"12":{"start":{"line":13,"column":0},"end":{"line":13,"column":22}},"13":{"start":{"line":14,"column":0},"end":{"line":14,"column":3}},"14":{"start":{"line":15,"column":0},"end":{"line":15,"column":26}},"15":{"start":{"line":16,"column":0},"end":{"line":16,"column":18}},"16":{"start":{"line":17,"column":0},"end":{"line":17,"column":3}},"17":{"start":{"line":18,"column":0},"end":{"line":18,"column":26}},"18":{"start":{"line":19,"column":0},"end":{"line":19,"column":18}},"19":{"start":{"line":20,"column":0},"end":{"line":20,"column":3}},"20":{"start":{"line":21,"column":0},"end":{"line":21,"column":13}},"21":{"start":{"line":22,"column":0},"end":{"line":22,"column":1}},"22":{"start":{"line":23,"column":0},"end":{"line":23,"column":0}},"23":{"start":{"line":24,"column":0},"end":{"line":24,"column":21}},"24":{"start":{"line":25,"column":0},"end":{"line":25,"column":34}},"25":{"start":{"line":26,"column":0},"end":{"line":26,"column":38}},"26":{"start":{"line":27,"column":0},"end":{"line":27,"column":3}},"27":{"start":{"line":28,"column":0},"end":{"line":28,"column":1}},"28":{"start":{"line":29,"column":0},"end":{"line":29,"column":0}},"29":{"start":{"line":30,"column":0},"end":{"line":30,"column":10}},"30":{"start":{"line":31,"column":0},"end":{"line":31,"column":0}},"31":{"start":{"line":32,"column":0},"end":{"line":32,"column":26}}},"s":{"0":24,"1":24,"2":24,"3":1,"4":1,"5":23,"6":23,"7":23,"8":24,"9":1,"10":1,"11":24,"12":2,"13":2,"14":24,"15":6,"16":6,"17":24,"18":4,"19":4,"20":10,"21":10,"22":1,"23":1,"24":1,"25":17,"26":17,"27":1,"28":1,"29":1,"30":1,"31":1},"branchMap":{"0":{"type":"branch","line":1,"loc":{"start":{"line":1,"column":0},"end":{"line":22,"column":1}},"locations":[{"start":{"line":1,"column":0},"end":{"line":22,"column":1}}]},"1":{"type":"branch","line":3,"loc":{"start":{"line":3,"column":31},"end":{"line":5,"column":3}},"locations":[{"start":{"line":3,"column":31},"end":{"line":5,"column":3}}]},"2":{"type":"branch","line":6,"loc":{"start":{"line":6,"column":-1},"end":{"line":9,"column":6}},"locations":[{"start":{"line":6,"column":-1},"end":{"line":9,"column":6}}]},"3":{"type":"branch","line":9,"loc":{"start":{"line":9,"column":17},"end":{"line":11,"column":3}},"locations":[{"start":{"line":9,"column":17},"end":{"line":11,"column":3}}]},"4":{"type":"branch","line":12,"loc":{"start":{"line":12,"column":-1},"end":{"line":12,"column":15}},"locations":[{"start":{"line":12,"column":-1},"end":{"line":12,"column":15}}]},"5":{"type":"branch","line":12,"loc":{"start":{"line":12,"column":6},"end":{"line":12,"column":37}},"locations":[{"start":{"line":12,"column":6},"end":{"line":12,"column":37}}]},"6":{"type":"branch","line":12,"loc":{"start":{"line":12,"column":46},"end":{"line":14,"column":3}},"locations":[{"start":{"line":12,"column":46},"end":{"line":14,"column":3}}]},"7":{"type":"branch","line":15,"loc":{"start":{"line":15,"column":-1},"end":{"line":15,"column":6}},"locations":[{"start":{"line":15,"column":-1},"end":{"line":15,"column":6}}]},"8":{"type":"branch","line":15,"loc":{"start":{"line":15,"column":25},"end":{"line":17,"column":3}},"locations":[{"start":{"line":15,"column":25},"end":{"line":17,"column":3}}]},"9":{"type":"branch","line":18,"loc":{"start":{"line":18,"column":-1},"end":{"line":18,"column":6}},"locations":[{"start":{"line":18,"column":-1},"end":{"line":18,"column":6}}]},"10":{"type":"branch","line":18,"loc":{"start":{"line":18,"column":25},"end":{"line":20,"column":3}},"locations":[{"start":{"line":18,"column":25},"end":{"line":20,"column":3}}]},"11":{"type":"branch","line":21,"loc":{"start":{"line":21,"column":-1},"end":{"line":22,"column":1}},"locations":[{"start":{"line":21,"column":-1},"end":{"line":22,"column":1}}]},"12":{"type":"branch","line":7,"loc":{"start":{"line":7,"column":20},"end":{"line":7,"column":58}},"locations":[{"start":{"line":7,"column":20},"end":{"line":7,"column":58}}]},"13":{"type":"branch","line":24,"loc":{"start":{"line":24,"column":0},"end":{"line":28,"column":1}},"locations":[{"start":{"line":24,"column":0},"end":{"line":28,"column":1}}]},"14":{"type":"branch","line":25,"loc":{"start":{"line":25,"column":33},"end":{"line":27,"column":3}},"locations":[{"start":{"line":25,"column":33},"end":{"line":27,"column":3}}]}},"b":{"0":[24],"1":[1],"2":[23],"3":[1],"4":[22],"5":[8],"6":[2],"7":[20],"8":[6],"9":[14],"10":[4],"11":[10],"12":[64],"13":[1],"14":[17]},"fnMap":{"0":{"name":"fizzbuzz","decl":{"start":{"line":1,"column":0},"end":{"line":22,"column":1}},"loc":{"start":{"line":1,"column":0},"end":{"line":22,"column":1}},"line":1},"1":{"name":"divisible","decl":{"start":{"line":7,"column":20},"end":{"line":7,"column":58}},"loc":{"start":{"line":7,"column":20},"end":{"line":7,"column":58}},"line":7},"2":{"name":"print","decl":{"start":{"line":24,"column":0},"end":{"line":28,"column":1}},"loc":{"start":{"line":24,"column":0},"end":{"line":28,"column":1}},"line":24}},"f":{"0":24,"1":64,"2":1}}
}
